[DEBUG] [2017-09-12 16:37:55][org.mybatis.generator.internal.db.DatabaseIntrospector]Retrieving column information for table "person"
  [DEBUG] [2017-09-12 16:37:55][org.mybatis.generator.internal.db.DatabaseIntrospector]Found column "pid", data type 4, in table "test..person"
  [DEBUG] [2017-09-12 16:37:55][org.mybatis.generator.internal.db.DatabaseIntrospector]Found column "pname", data type 12, in table "test..person"
  [DEBUG] [2017-09-12 16:37:55][org.mybatis.generator.internal.db.DatabaseIntrospector]Found column "page", data type 4, in table "test..person"
  [DEBUG] [2017-09-12 16:37:55][org.mybatis.generator.internal.db.DatabaseIntrospector]Found column "id", data type 4, in table "test..person"
  [DEBUG] [2017-09-12 16:37:55][org.mybatis.generator.internal.db.DatabaseIntrospector]Found column "last_modify_time", data type 93, in table "test..person"
  [DEBUG] [2017-09-12 16:41:02][org.mybatis.generator.internal.db.DatabaseIntrospector]Retrieving column information for table "person"
  [DEBUG] [2017-09-12 16:41:02][org.mybatis.generator.internal.db.DatabaseIntrospector]Found column "pid", data type 4, in table "test..person"
  [DEBUG] [2017-09-12 16:41:02][org.mybatis.generator.internal.db.DatabaseIntrospector]Found column "pname", data type 12, in table "test..person"
  [DEBUG] [2017-09-12 16:41:02][org.mybatis.generator.internal.db.DatabaseIntrospector]Found column "page", data type 4, in table "test..person"
  [DEBUG] [2017-09-12 16:41:02][org.mybatis.generator.internal.db.DatabaseIntrospector]Found column "id", data type 4, in table "test..person"
  [DEBUG] [2017-09-12 16:41:02][org.mybatis.generator.internal.db.DatabaseIntrospector]Found column "last_modify_time", data type 93, in table "test..person"
  [DEBUG] [2017-09-12 16:42:30][org.mybatis.generator.internal.db.DatabaseIntrospector]Retrieving column information for table "person"
  [DEBUG] [2017-09-12 16:42:30][org.mybatis.generator.internal.db.DatabaseIntrospector]Found column "pid", data type 4, in table "test..person"
  [DEBUG] [2017-09-12 16:42:30][org.mybatis.generator.internal.db.DatabaseIntrospector]Found column "pname", data type 12, in table "test..person"
  [DEBUG] [2017-09-12 16:42:30][org.mybatis.generator.internal.db.DatabaseIntrospector]Found column "page", data type 4, in table "test..person"
  [DEBUG] [2017-09-12 16:42:30][org.mybatis.generator.internal.db.DatabaseIntrospector]Found column "id", data type 4, in table "test..person"
  [DEBUG] [2017-09-12 16:42:30][org.mybatis.generator.internal.db.DatabaseIntrospector]Found column "last_modify_time", data type 93, in table "test..person"
  [DEBUG] [2017-09-12 16:49:09][org.mybatis.generator.internal.db.DatabaseIntrospector]Retrieving column information for table "person"
  [DEBUG] [2017-09-12 16:49:09][org.mybatis.generator.internal.db.DatabaseIntrospector]Found column "pid", data type 4, in table "test..person"
  [DEBUG] [2017-09-12 16:49:09][org.mybatis.generator.internal.db.DatabaseIntrospector]Found column "pname", data type 12, in table "test..person"
  [DEBUG] [2017-09-12 16:49:09][org.mybatis.generator.internal.db.DatabaseIntrospector]Found column "page", data type 4, in table "test..person"
  [DEBUG] [2017-09-12 16:49:09][org.mybatis.generator.internal.db.DatabaseIntrospector]Found column "id", data type 4, in table "test..person"
  [DEBUG] [2017-09-12 16:49:09][org.mybatis.generator.internal.db.DatabaseIntrospector]Found column "last_modify_time", data type 93, in table "test..person"
  [DEBUG] [2017-09-12 16:50:12][org.mybatis.generator.internal.db.DatabaseIntrospector]Retrieving column information for table "person"
  [DEBUG] [2017-09-12 16:50:12][org.mybatis.generator.internal.db.DatabaseIntrospector]Found column "pid", data type 4, in table "test..person"
  [DEBUG] [2017-09-12 16:50:12][org.mybatis.generator.internal.db.DatabaseIntrospector]Found column "pname", data type 12, in table "test..person"
  [DEBUG] [2017-09-12 16:50:12][org.mybatis.generator.internal.db.DatabaseIntrospector]Found column "page", data type 4, in table "test..person"
  [DEBUG] [2017-09-12 16:50:12][org.mybatis.generator.internal.db.DatabaseIntrospector]Found column "id", data type 4, in table "test..person"
  [DEBUG] [2017-09-12 16:50:12][org.mybatis.generator.internal.db.DatabaseIntrospector]Found column "last_modify_time", data type 93, in table "test..person"
  [DEBUG] [2017-09-12 17:23:48][org.mybatis.generator.internal.db.DatabaseIntrospector]Retrieving column information for table "person"
  [DEBUG] [2017-09-12 17:23:48][org.mybatis.generator.internal.db.DatabaseIntrospector]Found column "pid", data type 4, in table "test..person"
  [DEBUG] [2017-09-12 17:23:48][org.mybatis.generator.internal.db.DatabaseIntrospector]Found column "pname", data type 12, in table "test..person"
  [DEBUG] [2017-09-12 17:23:48][org.mybatis.generator.internal.db.DatabaseIntrospector]Found column "page", data type 4, in table "test..person"
  [DEBUG] [2017-09-12 17:23:48][org.mybatis.generator.internal.db.DatabaseIntrospector]Found column "id", data type 4, in table "test..person"
  [DEBUG] [2017-09-12 17:23:48][org.mybatis.generator.internal.db.DatabaseIntrospector]Found column "last_modify_time", data type 93, in table "test..person"
  [DEBUG] [2017-09-12 17:24:12][org.mybatis.generator.internal.db.DatabaseIntrospector]Retrieving column information for table "person"
  [DEBUG] [2017-09-12 17:24:12][org.mybatis.generator.internal.db.DatabaseIntrospector]Found column "pid", data type 4, in table "test..person"
  [DEBUG] [2017-09-12 17:24:12][org.mybatis.generator.internal.db.DatabaseIntrospector]Found column "pname", data type 12, in table "test..person"
  [DEBUG] [2017-09-12 17:24:12][org.mybatis.generator.internal.db.DatabaseIntrospector]Found column "page", data type 4, in table "test..person"
  [DEBUG] [2017-09-12 17:24:12][org.mybatis.generator.internal.db.DatabaseIntrospector]Found column "id", data type 4, in table "test..person"
  [DEBUG] [2017-09-12 17:24:12][org.mybatis.generator.internal.db.DatabaseIntrospector]Found column "last_modify_time", data type 93, in table "test..person"
  [DEBUG] [2017-09-12 17:24:57][org.mybatis.generator.internal.db.DatabaseIntrospector]Retrieving column information for table "person"
  [DEBUG] [2017-09-12 17:24:57][org.mybatis.generator.internal.db.DatabaseIntrospector]Found column "pid", data type 4, in table "test..person"
  [DEBUG] [2017-09-12 17:24:57][org.mybatis.generator.internal.db.DatabaseIntrospector]Found column "pname", data type 12, in table "test..person"
  [DEBUG] [2017-09-12 17:24:57][org.mybatis.generator.internal.db.DatabaseIntrospector]Found column "page", data type 4, in table "test..person"
  [DEBUG] [2017-09-12 17:24:57][org.mybatis.generator.internal.db.DatabaseIntrospector]Found column "id", data type 4, in table "test..person"
  [DEBUG] [2017-09-12 17:24:57][org.mybatis.generator.internal.db.DatabaseIntrospector]Found column "last_modify_time", data type 93, in table "test..person"
  [DEBUG] [2017-09-12 19:39:38][org.mybatis.generator.internal.db.DatabaseIntrospector]Retrieving column information for table "person"
  [DEBUG] [2017-09-12 19:39:38][org.mybatis.generator.internal.db.DatabaseIntrospector]Found column "pid", data type 4, in table "test..person"
  [DEBUG] [2017-09-12 19:39:38][org.mybatis.generator.internal.db.DatabaseIntrospector]Found column "pname", data type 12, in table "test..person"
  [DEBUG] [2017-09-12 19:39:38][org.mybatis.generator.internal.db.DatabaseIntrospector]Found column "page", data type 4, in table "test..person"
  [DEBUG] [2017-09-12 19:39:38][org.mybatis.generator.internal.db.DatabaseIntrospector]Found column "id", data type 4, in table "test..person"
  [DEBUG] [2017-09-12 19:39:38][org.mybatis.generator.internal.db.DatabaseIntrospector]Found column "last_modify_time", data type 93, in table "test..person"
  [DEBUG] [2017-09-12 19:46:43][org.mybatis.generator.internal.db.DatabaseIntrospector]Retrieving column information for table "person"
  [DEBUG] [2017-09-12 19:46:43][org.mybatis.generator.internal.db.DatabaseIntrospector]Found column "pid", data type 4, in table "test..person"
  [DEBUG] [2017-09-12 19:46:43][org.mybatis.generator.internal.db.DatabaseIntrospector]Found column "pname", data type 12, in table "test..person"
  [DEBUG] [2017-09-12 19:46:43][org.mybatis.generator.internal.db.DatabaseIntrospector]Found column "page", data type 4, in table "test..person"
  [DEBUG] [2017-09-12 19:46:43][org.mybatis.generator.internal.db.DatabaseIntrospector]Found column "id", data type 4, in table "test..person"
  [DEBUG] [2017-09-12 19:46:43][org.mybatis.generator.internal.db.DatabaseIntrospector]Found column "last_modify_time", data type 93, in table "test..person"
  [DEBUG] [2017-09-12 21:18:23][org.mybatis.generator.internal.db.DatabaseIntrospector]Retrieving column information for table "person"
  [DEBUG] [2017-09-12 21:18:23][org.mybatis.generator.internal.db.DatabaseIntrospector]Found column "pid", data type 4, in table "test..person"
  [DEBUG] [2017-09-12 21:18:23][org.mybatis.generator.internal.db.DatabaseIntrospector]Found column "pname", data type 12, in table "test..person"
  [DEBUG] [2017-09-12 21:18:23][org.mybatis.generator.internal.db.DatabaseIntrospector]Found column "page", data type 4, in table "test..person"
  [DEBUG] [2017-09-12 21:18:23][org.mybatis.generator.internal.db.DatabaseIntrospector]Found column "id", data type 4, in table "test..person"
  [DEBUG] [2017-09-12 21:18:23][org.mybatis.generator.internal.db.DatabaseIntrospector]Found column "last_modify_time", data type 93, in table "test..person"
  [DEBUG] [2017-09-12 21:24:38][org.mybatis.generator.internal.db.DatabaseIntrospector]Retrieving column information for table "person"
  [DEBUG] [2017-09-12 21:24:38][org.mybatis.generator.internal.db.DatabaseIntrospector]Found column "pid", data type 4, in table "test..person"
  [DEBUG] [2017-09-12 21:24:38][org.mybatis.generator.internal.db.DatabaseIntrospector]Found column "pname", data type 12, in table "test..person"
  [DEBUG] [2017-09-12 21:24:38][org.mybatis.generator.internal.db.DatabaseIntrospector]Found column "page", data type 4, in table "test..person"
  [DEBUG] [2017-09-12 21:24:38][org.mybatis.generator.internal.db.DatabaseIntrospector]Found column "id", data type 4, in table "test..person"
  [DEBUG] [2017-09-12 21:24:38][org.mybatis.generator.internal.db.DatabaseIntrospector]Found column "last_modify_time", data type 93, in table "test..person"
  [DEBUG] [2017-10-05 13:22:25][org.mybatis.generator.internal.db.DatabaseIntrospector]Retrieving column information for table "person"
  [DEBUG] [2017-10-05 13:22:25][org.mybatis.generator.internal.db.DatabaseIntrospector]Found column "pid", data type 4, in table "test..person"
  [DEBUG] [2017-10-05 13:22:25][org.mybatis.generator.internal.db.DatabaseIntrospector]Found column "pname", data type 12, in table "test..person"
  [DEBUG] [2017-10-05 13:22:25][org.mybatis.generator.internal.db.DatabaseIntrospector]Found column "page", data type 4, in table "test..person"
  [DEBUG] [2017-10-05 13:22:25][org.mybatis.generator.internal.db.DatabaseIntrospector]Found column "id", data type 4, in table "test..person"
  [DEBUG] [2017-10-05 13:22:25][org.mybatis.generator.internal.db.DatabaseIntrospector]Found column "last_modify_time", data type 93, in table "test..person"
  [DEBUG] [2017-10-05 13:25:30][org.mybatis.generator.internal.db.DatabaseIntrospector]Retrieving column information for table "person"
  [DEBUG] [2017-10-05 13:25:30][org.mybatis.generator.internal.db.DatabaseIntrospector]Found column "pid", data type 4, in table "test..person"
  [DEBUG] [2017-10-05 13:25:30][org.mybatis.generator.internal.db.DatabaseIntrospector]Found column "pname", data type 12, in table "test..person"
  [DEBUG] [2017-10-05 13:25:30][org.mybatis.generator.internal.db.DatabaseIntrospector]Found column "page", data type 4, in table "test..person"
  [DEBUG] [2017-10-05 13:25:30][org.mybatis.generator.internal.db.DatabaseIntrospector]Found column "id", data type 4, in table "test..person"
  [DEBUG] [2017-10-05 13:25:30][org.mybatis.generator.internal.db.DatabaseIntrospector]Found column "last_modify_time", data type 93, in table "test..person"
  [DEBUG] [2017-10-05 21:57:50][org.mybatis.generator.internal.db.DatabaseIntrospector]Retrieving column information for table "test"
  [DEBUG] [2017-10-05 21:57:50][org.mybatis.generator.internal.db.DatabaseIntrospector]Found column "id", data type 4, in table "test..test"
  [DEBUG] [2017-10-05 21:57:50][org.mybatis.generator.internal.db.DatabaseIntrospector]Found column "name", data type 12, in table "test..test"
  [DEBUG] [2017-10-05 21:57:50][org.mybatis.generator.internal.db.DatabaseIntrospector]Found column "sex", data type 12, in table "test..test"
  [DEBUG] [2017-10-05 21:57:50][org.mybatis.generator.internal.db.DatabaseIntrospector]Found column "age", data type 4, in table "test..test"
  [DEBUG] [2017-10-05 22:44:55][org.mybatis.generator.internal.db.DatabaseIntrospector]Retrieving column information for table "test"
  [DEBUG] [2017-10-05 22:44:55][org.mybatis.generator.internal.db.DatabaseIntrospector]Found column "id", data type 4, in table "test..test"
  [DEBUG] [2017-10-05 22:44:55][org.mybatis.generator.internal.db.DatabaseIntrospector]Found column "name", data type 12, in table "test..test"
  [DEBUG] [2017-10-05 22:44:55][org.mybatis.generator.internal.db.DatabaseIntrospector]Found column "sex", data type 12, in table "test..test"
  [DEBUG] [2017-10-05 22:44:55][org.mybatis.generator.internal.db.DatabaseIntrospector]Found column "age", data type 4, in table "test..test"
  [DEBUG] [2017-10-05 22:51:56][org.mybatis.generator.internal.db.DatabaseIntrospector]Retrieving column information for table "test"
  [DEBUG] [2017-10-05 22:51:56][org.mybatis.generator.internal.db.DatabaseIntrospector]Found column "id", data type 4, in table "test..test"
  [DEBUG] [2017-10-05 22:51:56][org.mybatis.generator.internal.db.DatabaseIntrospector]Found column "name", data type 12, in table "test..test"
  [DEBUG] [2017-10-05 22:51:56][org.mybatis.generator.internal.db.DatabaseIntrospector]Found column "sex", data type 12, in table "test..test"
  [DEBUG] [2017-10-05 22:51:56][org.mybatis.generator.internal.db.DatabaseIntrospector]Found column "age", data type 4, in table "test..test"
  [DEBUG] [2017-10-05 22:53:13][org.mybatis.generator.internal.db.DatabaseIntrospector]Retrieving column information for table "test"
  [DEBUG] [2017-10-05 22:53:13][org.mybatis.generator.internal.db.DatabaseIntrospector]Found column "id", data type 4, in table "test..test"
  [DEBUG] [2017-10-05 22:53:13][org.mybatis.generator.internal.db.DatabaseIntrospector]Found column "name", data type 12, in table "test..test"
  [DEBUG] [2017-10-05 22:53:13][org.mybatis.generator.internal.db.DatabaseIntrospector]Found column "sex", data type 12, in table "test..test"
  [DEBUG] [2017-10-05 22:53:13][org.mybatis.generator.internal.db.DatabaseIntrospector]Found column "age", data type 4, in table "test..test"
  [DEBUG] [2017-10-05 22:57:41][org.mybatis.generator.internal.db.DatabaseIntrospector]Retrieving column information for table "test"
  [DEBUG] [2017-10-05 22:57:41][org.mybatis.generator.internal.db.DatabaseIntrospector]Found column "id", data type 4, in table "test..test"
  [DEBUG] [2017-10-05 22:57:41][org.mybatis.generator.internal.db.DatabaseIntrospector]Found column "name", data type 12, in table "test..test"
  [DEBUG] [2017-10-05 22:57:41][org.mybatis.generator.internal.db.DatabaseIntrospector]Found column "sex", data type 12, in table "test..test"
  [DEBUG] [2017-10-05 22:57:41][org.mybatis.generator.internal.db.DatabaseIntrospector]Found column "age", data type 4, in table "test..test"
  [DEBUG] [2017-10-05 23:02:16][org.mybatis.generator.internal.db.DatabaseIntrospector]Retrieving column information for table "test"
  [DEBUG] [2017-10-05 23:02:16][org.mybatis.generator.internal.db.DatabaseIntrospector]Found column "id", data type 4, in table "test..test"
  [DEBUG] [2017-10-05 23:02:16][org.mybatis.generator.internal.db.DatabaseIntrospector]Found column "name", data type 12, in table "test..test"
  [DEBUG] [2017-10-05 23:02:16][org.mybatis.generator.internal.db.DatabaseIntrospector]Found column "sex", data type 12, in table "test..test"
  [DEBUG] [2017-10-05 23:02:16][org.mybatis.generator.internal.db.DatabaseIntrospector]Found column "age", data type 4, in table "test..test"
  [DEBUG] [2017-10-05 23:05:39][org.mybatis.generator.internal.db.DatabaseIntrospector]Retrieving column information for table "test"
  [DEBUG] [2017-10-05 23:05:39][org.mybatis.generator.internal.db.DatabaseIntrospector]Found column "id", data type 4, in table "test..test"
  [DEBUG] [2017-10-05 23:05:39][org.mybatis.generator.internal.db.DatabaseIntrospector]Found column "name", data type 12, in table "test..test"
  [DEBUG] [2017-10-05 23:05:39][org.mybatis.generator.internal.db.DatabaseIntrospector]Found column "sex", data type 12, in table "test..test"
  [DEBUG] [2017-10-05 23:05:39][org.mybatis.generator.internal.db.DatabaseIntrospector]Found column "age", data type 4, in table "test..test"
  [DEBUG] [2017-10-05 23:18:06][org.mybatis.generator.internal.db.DatabaseIntrospector]Retrieving column information for table "test"
  [DEBUG] [2017-10-05 23:18:06][org.mybatis.generator.internal.db.DatabaseIntrospector]Found column "id", data type 4, in table "test..test"
  [DEBUG] [2017-10-05 23:18:06][org.mybatis.generator.internal.db.DatabaseIntrospector]Found column "name", data type 12, in table "test..test"
  [DEBUG] [2017-10-05 23:18:06][org.mybatis.generator.internal.db.DatabaseIntrospector]Found column "sex", data type 12, in table "test..test"
  [DEBUG] [2017-10-05 23:18:06][org.mybatis.generator.internal.db.DatabaseIntrospector]Found column "age", data type 4, in table "test..test"
  [DEBUG] [2017-10-05 23:24:49][org.mybatis.generator.internal.db.DatabaseIntrospector]Retrieving column information for table "test"
  [DEBUG] [2017-10-05 23:24:49][org.mybatis.generator.internal.db.DatabaseIntrospector]Found column "id", data type 4, in table "test..test"
  [DEBUG] [2017-10-05 23:24:49][org.mybatis.generator.internal.db.DatabaseIntrospector]Found column "name", data type 12, in table "test..test"
  [DEBUG] [2017-10-05 23:24:49][org.mybatis.generator.internal.db.DatabaseIntrospector]Found column "sex", data type 12, in table "test..test"
  [DEBUG] [2017-10-05 23:24:49][org.mybatis.generator.internal.db.DatabaseIntrospector]Found column "age", data type 4, in table "test..test"
  [DEBUG] [2017-10-06 00:16:42][org.mybatis.generator.internal.db.DatabaseIntrospector]Retrieving column information for table "test"
  [DEBUG] [2017-10-06 00:16:42][org.mybatis.generator.internal.db.DatabaseIntrospector]Found column "id", data type 4, in table "test..test"
  [DEBUG] [2017-10-06 00:16:42][org.mybatis.generator.internal.db.DatabaseIntrospector]Found column "name", data type 12, in table "test..test"
  [DEBUG] [2017-10-06 00:16:42][org.mybatis.generator.internal.db.DatabaseIntrospector]Found column "sex", data type 12, in table "test..test"
  [DEBUG] [2017-10-06 00:16:42][org.mybatis.generator.internal.db.DatabaseIntrospector]Found column "age", data type 4, in table "test..test"
  [DEBUG] [2017-10-06 14:32:45][org.mybatis.generator.internal.db.DatabaseIntrospector]Retrieving column information for table "test"
  [DEBUG] [2017-10-06 14:32:45][org.mybatis.generator.internal.db.DatabaseIntrospector]Found column "id", data type 4, in table "test..test"
  [DEBUG] [2017-10-06 14:32:45][org.mybatis.generator.internal.db.DatabaseIntrospector]Found column "name", data type 12, in table "test..test"
  [DEBUG] [2017-10-06 14:32:45][org.mybatis.generator.internal.db.DatabaseIntrospector]Found column "sex", data type 12, in table "test..test"
  [DEBUG] [2017-10-06 14:32:45][org.mybatis.generator.internal.db.DatabaseIntrospector]Found column "age", data type 4, in table "test..test"
  